{"/Users/chen/Documents/workspace/react-iso/src/App.js": {"path":"/Users/chen/Documents/workspace/react-iso/src/App.js","statementMap":{"0":{"start":{"line":1,"column":13},"end":{"line":1,"column":75}},"1":{"start":{"line":1,"column":94},"end":{"line":1,"column":623}},"2":{"start":{"line":1,"column":149},"end":{"line":1,"column":414}},"3":{"start":{"line":1,"column":206},"end":{"line":1,"column":214}},"4":{"start":{"line":1,"column":215},"end":{"line":1,"column":270}},"5":{"start":{"line":1,"column":270},"end":{"line":1,"column":301}},"6":{"start":{"line":1,"column":301},"end":{"line":1,"column":355}},"7":{"start":{"line":1,"column":328},"end":{"line":1,"column":355}},"8":{"start":{"line":1,"column":355},"end":{"line":1,"column":413}},"9":{"start":{"line":1,"column":415},"end":{"line":1,"column":620}},"10":{"start":{"line":1,"column":471},"end":{"line":1,"column":539}},"11":{"start":{"line":1,"column":487},"end":{"line":1,"column":539}},"12":{"start":{"line":1,"column":539},"end":{"line":1,"column":599}},"13":{"start":{"line":1,"column":556},"end":{"line":1,"column":599}},"14":{"start":{"line":1,"column":599},"end":{"line":1,"column":618}},"15":{"start":{"line":5,"column":13},"end":{"line":5,"column":29}},"16":{"start":{"line":5,"column":44},"end":{"line":5,"column":74}},"17":{"start":{"line":9,"column":22},"end":{"line":9,"column":49}},"18":{"start":{"line":13,"column":12},"end":{"line":13,"column":29}},"19":{"start":{"line":13,"column":43},"end":{"line":13,"column":72}},"20":{"start":{"line":14,"column":12},"end":{"line":14,"column":29}},"21":{"start":{"line":14,"column":43},"end":{"line":14,"column":72}},"22":{"start":{"line":15,"column":14},"end":{"line":15,"column":55}},"23":{"start":{"line":15,"column":71},"end":{"line":15,"column":102}},"24":{"start":{"line":18,"column":22},"end":{"line":18,"column":56}},"25":{"start":{"line":18,"column":80},"end":{"line":18,"column":119}},"26":{"start":{"line":18,"column":158},"end":{"line":18,"column":212}},"27":{"start":{"line":18,"column":262},"end":{"line":18,"column":361}},"28":{"start":{"line":18,"column":303},"end":{"line":18,"column":360}},"29":{"start":{"line":18,"column":411},"end":{"line":18,"column":510}},"30":{"start":{"line":18,"column":423},"end":{"line":18,"column":509}},"31":{"start":{"line":18,"column":510},"end":{"line":18,"column":596}},"32":{"start":{"line":18,"column":639},"end":{"line":18,"column":802}},"33":{"start":{"line":18,"column":701},"end":{"line":18,"column":801}},"34":{"start":{"line":18,"column":802},"end":{"line":18,"column":966}},"35":{"start":{"line":18,"column":966},"end":{"line":18,"column":1084}},"36":{"start":{"line":18,"column":982},"end":{"line":18,"column":1084}},"37":{"start":{"line":24,"column":10},"end":{"line":34,"column":44}},"38":{"start":{"line":24,"column":33},"end":{"line":24,"column":60}},"39":{"start":{"line":24,"column":60},"end":{"line":28,"column":14}},"40":{"start":{"line":24,"column":122},"end":{"line":25,"column":155}},"41":{"start":{"line":29,"column":20},"end":{"line":29,"column":47}},"42":{"start":{"line":29,"column":47},"end":{"line":29,"column":145}},"43":{"start":{"line":31,"column":5},"end":{"line":34,"column":14}},"44":{"start":{"line":34,"column":14},"end":{"line":34,"column":25}},"45":{"start":{"line":34,"column":45},"end":{"line":34,"column":67}}},"fnMap":{"0":{"name":"(anonymous_0)","decl":{"start":{"line":1,"column":94},"end":{"line":1,"column":95}},"loc":{"start":{"line":1,"column":106},"end":{"line":1,"column":621}},"line":1},"1":{"name":"defineProperties","decl":{"start":{"line":1,"column":116},"end":{"line":1,"column":132}},"loc":{"start":{"line":1,"column":148},"end":{"line":1,"column":415}},"line":1},"2":{"name":"(anonymous_2)","decl":{"start":{"line":1,"column":422},"end":{"line":1,"column":423}},"loc":{"start":{"line":1,"column":470},"end":{"line":1,"column":619}},"line":1},"3":{"name":"_interopRequireDefault","decl":{"start":{"line":18,"column":129},"end":{"line":18,"column":151}},"loc":{"start":{"line":18,"column":157},"end":{"line":18,"column":213}},"line":18},"4":{"name":"_classCallCheck","decl":{"start":{"line":18,"column":222},"end":{"line":18,"column":237}},"loc":{"start":{"line":18,"column":261},"end":{"line":18,"column":362}},"line":18},"5":{"name":"_possibleConstructorReturn","decl":{"start":{"line":18,"column":371},"end":{"line":18,"column":397}},"loc":{"start":{"line":18,"column":410},"end":{"line":18,"column":597}},"line":18},"6":{"name":"_inherits","decl":{"start":{"line":18,"column":606},"end":{"line":18,"column":615}},"loc":{"start":{"line":18,"column":638},"end":{"line":18,"column":1085}},"line":18},"7":{"name":"(anonymous_7)","decl":{"start":{"line":24,"column":10},"end":{"line":24,"column":11}},"loc":{"start":{"line":24,"column":32},"end":{"line":34,"column":26}},"line":24},"8":{"name":"render","decl":{"start":{"line":24,"column":112},"end":{"line":24,"column":118}},"loc":{"start":{"line":24,"column":121},"end":{"line":28,"column":9}},"line":24},"9":{"name":"App","decl":{"start":{"line":29,"column":13},"end":{"line":29,"column":16}},"loc":{"start":{"line":29,"column":19},"end":{"line":31,"column":5}},"line":29},"10":{"name":"componentDidMount","decl":{"start":{"line":31,"column":68},"end":{"line":31,"column":85}},"loc":{"start":{"line":32,"column":8},"end":{"line":34,"column":9}},"line":32}},"branchMap":{"0":{"loc":{"start":{"line":1,"column":239},"end":{"line":1,"column":269}},"type":"binary-expr","locations":[{"start":{"line":1,"column":239},"end":{"line":1,"column":260}},{"start":{"line":1,"column":264},"end":{"line":1,"column":269}}],"line":1},"1":{"loc":{"start":{"line":1,"column":301},"end":{"line":1,"column":355}},"type":"if","locations":[{"start":{"line":1,"column":301},"end":{"line":1,"column":355}},{"start":{"line":1,"column":301},"end":{"line":1,"column":355}}],"line":1},"2":{"loc":{"start":{"line":1,"column":471},"end":{"line":1,"column":539}},"type":"if","locations":[{"start":{"line":1,"column":471},"end":{"line":1,"column":539}},{"start":{"line":1,"column":471},"end":{"line":1,"column":539}}],"line":1},"3":{"loc":{"start":{"line":1,"column":539},"end":{"line":1,"column":599}},"type":"if","locations":[{"start":{"line":1,"column":539},"end":{"line":1,"column":599}},{"start":{"line":1,"column":539},"end":{"line":1,"column":599}}],"line":1},"4":{"loc":{"start":{"line":18,"column":165},"end":{"line":18,"column":211}},"type":"cond-expr","locations":[{"start":{"line":18,"column":189},"end":{"line":18,"column":192}},{"start":{"line":18,"column":195},"end":{"line":18,"column":211}}],"line":18},"5":{"loc":{"start":{"line":18,"column":165},"end":{"line":18,"column":186}},"type":"binary-expr","locations":[{"start":{"line":18,"column":165},"end":{"line":18,"column":168}},{"start":{"line":18,"column":172},"end":{"line":18,"column":186}}],"line":18},"6":{"loc":{"start":{"line":18,"column":262},"end":{"line":18,"column":361}},"type":"if","locations":[{"start":{"line":18,"column":262},"end":{"line":18,"column":361}},{"start":{"line":18,"column":262},"end":{"line":18,"column":361}}],"line":18},"7":{"loc":{"start":{"line":18,"column":411},"end":{"line":18,"column":510}},"type":"if","locations":[{"start":{"line":18,"column":411},"end":{"line":18,"column":510}},{"start":{"line":18,"column":411},"end":{"line":18,"column":510}}],"line":18},"8":{"loc":{"start":{"line":18,"column":517},"end":{"line":18,"column":595}},"type":"cond-expr","locations":[{"start":{"line":18,"column":584},"end":{"line":18,"column":588}},{"start":{"line":18,"column":591},"end":{"line":18,"column":595}}],"line":18},"9":{"loc":{"start":{"line":18,"column":517},"end":{"line":18,"column":581}},"type":"binary-expr","locations":[{"start":{"line":18,"column":517},"end":{"line":18,"column":521}},{"start":{"line":18,"column":526},"end":{"line":18,"column":550}},{"start":{"line":18,"column":554},"end":{"line":18,"column":580}}],"line":18},"10":{"loc":{"start":{"line":18,"column":639},"end":{"line":18,"column":802}},"type":"if","locations":[{"start":{"line":18,"column":639},"end":{"line":18,"column":802}},{"start":{"line":18,"column":639},"end":{"line":18,"column":802}}],"line":18},"11":{"loc":{"start":{"line":18,"column":643},"end":{"line":18,"column":698}},"type":"binary-expr","locations":[{"start":{"line":18,"column":643},"end":{"line":18,"column":675}},{"start":{"line":18,"column":679},"end":{"line":18,"column":698}}],"line":18},"12":{"loc":{"start":{"line":18,"column":837},"end":{"line":18,"column":871}},"type":"binary-expr","locations":[{"start":{"line":18,"column":837},"end":{"line":18,"column":847}},{"start":{"line":18,"column":851},"end":{"line":18,"column":871}}],"line":18},"13":{"loc":{"start":{"line":18,"column":966},"end":{"line":18,"column":1084}},"type":"if","locations":[{"start":{"line":18,"column":966},"end":{"line":18,"column":1084}},{"start":{"line":18,"column":966},"end":{"line":18,"column":1084}}],"line":18},"14":{"loc":{"start":{"line":18,"column":982},"end":{"line":18,"column":1083}},"type":"cond-expr","locations":[{"start":{"line":18,"column":1006},"end":{"line":18,"column":1049}},{"start":{"line":18,"column":1052},"end":{"line":18,"column":1083}}],"line":18},"15":{"loc":{"start":{"line":29,"column":88},"end":{"line":29,"column":131}},"type":"binary-expr","locations":[{"start":{"line":29,"column":88},"end":{"line":29,"column":101}},{"start":{"line":29,"column":105},"end":{"line":29,"column":131}}],"line":29}},"s":{"0":0,"1":0,"2":0,"3":0,"4":0,"5":0,"6":0,"7":0,"8":0,"9":0,"10":0,"11":0,"12":0,"13":0,"14":0,"15":0,"16":0,"17":0,"18":0,"19":0,"20":0,"21":0,"22":0,"23":0,"24":0,"25":0,"26":0,"27":0,"28":0,"29":0,"30":0,"31":0,"32":0,"33":0,"34":0,"35":0,"36":0,"37":0,"38":0,"39":0,"40":0,"41":0,"42":0,"43":0,"44":0,"45":0},"f":{"0":0,"1":0,"2":0,"3":0,"4":0,"5":0,"6":0,"7":0,"8":0,"9":0,"10":0},"b":{"0":[0,0],"1":[0,0],"2":[0,0],"3":[0,0],"4":[0,0],"5":[0,0],"6":[0,0],"7":[0,0],"8":[0,0],"9":[0,0,0],"10":[0,0],"11":[0,0],"12":[0,0],"13":[0,0],"14":[0,0],"15":[0,0]}}
,"/Users/chen/Documents/workspace/react-iso/src/Detail.js": {"path":"/Users/chen/Documents/workspace/react-iso/src/Detail.js","statementMap":{"0":{"start":{"line":1,"column":13},"end":{"line":1,"column":75}},"1":{"start":{"line":1,"column":94},"end":{"line":1,"column":623}},"2":{"start":{"line":1,"column":149},"end":{"line":1,"column":414}},"3":{"start":{"line":1,"column":206},"end":{"line":1,"column":214}},"4":{"start":{"line":1,"column":215},"end":{"line":1,"column":270}},"5":{"start":{"line":1,"column":270},"end":{"line":1,"column":301}},"6":{"start":{"line":1,"column":301},"end":{"line":1,"column":355}},"7":{"start":{"line":1,"column":328},"end":{"line":1,"column":355}},"8":{"start":{"line":1,"column":355},"end":{"line":1,"column":413}},"9":{"start":{"line":1,"column":415},"end":{"line":1,"column":620}},"10":{"start":{"line":1,"column":471},"end":{"line":1,"column":539}},"11":{"start":{"line":1,"column":487},"end":{"line":1,"column":539}},"12":{"start":{"line":1,"column":539},"end":{"line":1,"column":599}},"13":{"start":{"line":1,"column":556},"end":{"line":1,"column":599}},"14":{"start":{"line":1,"column":599},"end":{"line":1,"column":618}},"15":{"start":{"line":5,"column":13},"end":{"line":5,"column":29}},"16":{"start":{"line":5,"column":44},"end":{"line":5,"column":74}},"17":{"start":{"line":5,"column":113},"end":{"line":5,"column":167}},"18":{"start":{"line":5,"column":217},"end":{"line":5,"column":316}},"19":{"start":{"line":5,"column":258},"end":{"line":5,"column":315}},"20":{"start":{"line":5,"column":366},"end":{"line":5,"column":465}},"21":{"start":{"line":5,"column":378},"end":{"line":5,"column":464}},"22":{"start":{"line":5,"column":465},"end":{"line":5,"column":551}},"23":{"start":{"line":5,"column":594},"end":{"line":5,"column":757}},"24":{"start":{"line":5,"column":656},"end":{"line":5,"column":756}},"25":{"start":{"line":5,"column":757},"end":{"line":5,"column":921}},"26":{"start":{"line":5,"column":921},"end":{"line":5,"column":1039}},"27":{"start":{"line":5,"column":937},"end":{"line":5,"column":1039}},"28":{"start":{"line":8,"column":1057},"end":{"line":15,"column":47}},"29":{"start":{"line":8,"column":1080},"end":{"line":8,"column":1110}},"30":{"start":{"line":8,"column":1129},"end":{"line":8,"column":1159}},"31":{"start":{"line":8,"column":1159},"end":{"line":8,"column":1275}},"32":{"start":{"line":8,"column":1276},"end":{"line":15,"column":14}},"33":{"start":{"line":9,"column":12},"end":{"line":12,"column":99}},"34":{"start":{"line":15,"column":14},"end":{"line":15,"column":28}},"35":{"start":{"line":15,"column":48},"end":{"line":15,"column":73}}},"fnMap":{"0":{"name":"(anonymous_0)","decl":{"start":{"line":1,"column":94},"end":{"line":1,"column":95}},"loc":{"start":{"line":1,"column":106},"end":{"line":1,"column":621}},"line":1},"1":{"name":"defineProperties","decl":{"start":{"line":1,"column":116},"end":{"line":1,"column":132}},"loc":{"start":{"line":1,"column":148},"end":{"line":1,"column":415}},"line":1},"2":{"name":"(anonymous_2)","decl":{"start":{"line":1,"column":422},"end":{"line":1,"column":423}},"loc":{"start":{"line":1,"column":470},"end":{"line":1,"column":619}},"line":1},"3":{"name":"_interopRequireDefault","decl":{"start":{"line":5,"column":84},"end":{"line":5,"column":106}},"loc":{"start":{"line":5,"column":112},"end":{"line":5,"column":168}},"line":5},"4":{"name":"_classCallCheck","decl":{"start":{"line":5,"column":177},"end":{"line":5,"column":192}},"loc":{"start":{"line":5,"column":216},"end":{"line":5,"column":317}},"line":5},"5":{"name":"_possibleConstructorReturn","decl":{"start":{"line":5,"column":326},"end":{"line":5,"column":352}},"loc":{"start":{"line":5,"column":365},"end":{"line":5,"column":552}},"line":5},"6":{"name":"_inherits","decl":{"start":{"line":5,"column":561},"end":{"line":5,"column":570}},"loc":{"start":{"line":5,"column":593},"end":{"line":5,"column":1040}},"line":5},"7":{"name":"(anonymous_7)","decl":{"start":{"line":8,"column":1057},"end":{"line":8,"column":1058}},"loc":{"start":{"line":8,"column":1079},"end":{"line":15,"column":29}},"line":8},"8":{"name":"Detail","decl":{"start":{"line":8,"column":1119},"end":{"line":8,"column":1125}},"loc":{"start":{"line":8,"column":1128},"end":{"line":8,"column":1276}},"line":8},"9":{"name":"render","decl":{"start":{"line":8,"column":1331},"end":{"line":8,"column":1337}},"loc":{"start":{"line":8,"column":1340},"end":{"line":15,"column":9}},"line":8}},"branchMap":{"0":{"loc":{"start":{"line":1,"column":239},"end":{"line":1,"column":269}},"type":"binary-expr","locations":[{"start":{"line":1,"column":239},"end":{"line":1,"column":260}},{"start":{"line":1,"column":264},"end":{"line":1,"column":269}}],"line":1},"1":{"loc":{"start":{"line":1,"column":301},"end":{"line":1,"column":355}},"type":"if","locations":[{"start":{"line":1,"column":301},"end":{"line":1,"column":355}},{"start":{"line":1,"column":301},"end":{"line":1,"column":355}}],"line":1},"2":{"loc":{"start":{"line":1,"column":471},"end":{"line":1,"column":539}},"type":"if","locations":[{"start":{"line":1,"column":471},"end":{"line":1,"column":539}},{"start":{"line":1,"column":471},"end":{"line":1,"column":539}}],"line":1},"3":{"loc":{"start":{"line":1,"column":539},"end":{"line":1,"column":599}},"type":"if","locations":[{"start":{"line":1,"column":539},"end":{"line":1,"column":599}},{"start":{"line":1,"column":539},"end":{"line":1,"column":599}}],"line":1},"4":{"loc":{"start":{"line":5,"column":120},"end":{"line":5,"column":166}},"type":"cond-expr","locations":[{"start":{"line":5,"column":144},"end":{"line":5,"column":147}},{"start":{"line":5,"column":150},"end":{"line":5,"column":166}}],"line":5},"5":{"loc":{"start":{"line":5,"column":120},"end":{"line":5,"column":141}},"type":"binary-expr","locations":[{"start":{"line":5,"column":120},"end":{"line":5,"column":123}},{"start":{"line":5,"column":127},"end":{"line":5,"column":141}}],"line":5},"6":{"loc":{"start":{"line":5,"column":217},"end":{"line":5,"column":316}},"type":"if","locations":[{"start":{"line":5,"column":217},"end":{"line":5,"column":316}},{"start":{"line":5,"column":217},"end":{"line":5,"column":316}}],"line":5},"7":{"loc":{"start":{"line":5,"column":366},"end":{"line":5,"column":465}},"type":"if","locations":[{"start":{"line":5,"column":366},"end":{"line":5,"column":465}},{"start":{"line":5,"column":366},"end":{"line":5,"column":465}}],"line":5},"8":{"loc":{"start":{"line":5,"column":472},"end":{"line":5,"column":550}},"type":"cond-expr","locations":[{"start":{"line":5,"column":539},"end":{"line":5,"column":543}},{"start":{"line":5,"column":546},"end":{"line":5,"column":550}}],"line":5},"9":{"loc":{"start":{"line":5,"column":472},"end":{"line":5,"column":536}},"type":"binary-expr","locations":[{"start":{"line":5,"column":472},"end":{"line":5,"column":476}},{"start":{"line":5,"column":481},"end":{"line":5,"column":505}},{"start":{"line":5,"column":509},"end":{"line":5,"column":535}}],"line":5},"10":{"loc":{"start":{"line":5,"column":594},"end":{"line":5,"column":757}},"type":"if","locations":[{"start":{"line":5,"column":594},"end":{"line":5,"column":757}},{"start":{"line":5,"column":594},"end":{"line":5,"column":757}}],"line":5},"11":{"loc":{"start":{"line":5,"column":598},"end":{"line":5,"column":653}},"type":"binary-expr","locations":[{"start":{"line":5,"column":598},"end":{"line":5,"column":630}},{"start":{"line":5,"column":634},"end":{"line":5,"column":653}}],"line":5},"12":{"loc":{"start":{"line":5,"column":792},"end":{"line":5,"column":826}},"type":"binary-expr","locations":[{"start":{"line":5,"column":792},"end":{"line":5,"column":802}},{"start":{"line":5,"column":806},"end":{"line":5,"column":826}}],"line":5},"13":{"loc":{"start":{"line":5,"column":921},"end":{"line":5,"column":1039}},"type":"if","locations":[{"start":{"line":5,"column":921},"end":{"line":5,"column":1039}},{"start":{"line":5,"column":921},"end":{"line":5,"column":1039}}],"line":5},"14":{"loc":{"start":{"line":5,"column":937},"end":{"line":5,"column":1038}},"type":"cond-expr","locations":[{"start":{"line":5,"column":961},"end":{"line":5,"column":1004}},{"start":{"line":5,"column":1007},"end":{"line":5,"column":1038}}],"line":5},"15":{"loc":{"start":{"line":8,"column":1200},"end":{"line":8,"column":1249}},"type":"binary-expr","locations":[{"start":{"line":8,"column":1200},"end":{"line":8,"column":1216}},{"start":{"line":8,"column":1220},"end":{"line":8,"column":1249}}],"line":8}},"s":{"0":0,"1":0,"2":0,"3":0,"4":0,"5":0,"6":0,"7":0,"8":0,"9":0,"10":0,"11":0,"12":0,"13":0,"14":0,"15":0,"16":0,"17":0,"18":0,"19":0,"20":0,"21":0,"22":0,"23":0,"24":0,"25":0,"26":0,"27":0,"28":0,"29":0,"30":0,"31":0,"32":0,"33":0,"34":0,"35":0},"f":{"0":0,"1":0,"2":0,"3":0,"4":0,"5":0,"6":0,"7":0,"8":0,"9":0},"b":{"0":[0,0],"1":[0,0],"2":[0,0],"3":[0,0],"4":[0,0],"5":[0,0],"6":[0,0],"7":[0,0],"8":[0,0],"9":[0,0,0],"10":[0,0],"11":[0,0],"12":[0,0],"13":[0,0],"14":[0,0],"15":[0,0]}}
,"/Users/chen/Documents/workspace/react-iso/src/Home.js": {"path":"/Users/chen/Documents/workspace/react-iso/src/Home.js","statementMap":{"0":{"start":{"line":1,"column":13},"end":{"line":1,"column":75}},"1":{"start":{"line":1,"column":94},"end":{"line":1,"column":623}},"2":{"start":{"line":1,"column":149},"end":{"line":1,"column":414}},"3":{"start":{"line":1,"column":206},"end":{"line":1,"column":214}},"4":{"start":{"line":1,"column":215},"end":{"line":1,"column":270}},"5":{"start":{"line":1,"column":270},"end":{"line":1,"column":301}},"6":{"start":{"line":1,"column":301},"end":{"line":1,"column":355}},"7":{"start":{"line":1,"column":328},"end":{"line":1,"column":355}},"8":{"start":{"line":1,"column":355},"end":{"line":1,"column":413}},"9":{"start":{"line":1,"column":415},"end":{"line":1,"column":620}},"10":{"start":{"line":1,"column":471},"end":{"line":1,"column":539}},"11":{"start":{"line":1,"column":487},"end":{"line":1,"column":539}},"12":{"start":{"line":1,"column":539},"end":{"line":1,"column":599}},"13":{"start":{"line":1,"column":556},"end":{"line":1,"column":599}},"14":{"start":{"line":1,"column":599},"end":{"line":1,"column":618}},"15":{"start":{"line":5,"column":13},"end":{"line":5,"column":29}},"16":{"start":{"line":5,"column":44},"end":{"line":5,"column":74}},"17":{"start":{"line":6,"column":22},"end":{"line":6,"column":49}},"18":{"start":{"line":6,"column":88},"end":{"line":6,"column":142}},"19":{"start":{"line":6,"column":192},"end":{"line":6,"column":291}},"20":{"start":{"line":6,"column":233},"end":{"line":6,"column":290}},"21":{"start":{"line":6,"column":341},"end":{"line":6,"column":440}},"22":{"start":{"line":6,"column":353},"end":{"line":6,"column":439}},"23":{"start":{"line":6,"column":440},"end":{"line":6,"column":526}},"24":{"start":{"line":6,"column":569},"end":{"line":6,"column":732}},"25":{"start":{"line":6,"column":631},"end":{"line":6,"column":731}},"26":{"start":{"line":6,"column":732},"end":{"line":6,"column":896}},"27":{"start":{"line":6,"column":896},"end":{"line":6,"column":1014}},"28":{"start":{"line":6,"column":912},"end":{"line":6,"column":1014}},"29":{"start":{"line":11,"column":7},"end":{"line":19,"column":45}},"30":{"start":{"line":11,"column":30},"end":{"line":11,"column":58}},"31":{"start":{"line":11,"column":75},"end":{"line":11,"column":103}},"32":{"start":{"line":11,"column":103},"end":{"line":11,"column":215}},"33":{"start":{"line":11,"column":216},"end":{"line":19,"column":14}},"34":{"start":{"line":13,"column":12},"end":{"line":16,"column":125}},"35":{"start":{"line":19,"column":14},"end":{"line":19,"column":26}},"36":{"start":{"line":19,"column":46},"end":{"line":19,"column":69}}},"fnMap":{"0":{"name":"(anonymous_0)","decl":{"start":{"line":1,"column":94},"end":{"line":1,"column":95}},"loc":{"start":{"line":1,"column":106},"end":{"line":1,"column":621}},"line":1},"1":{"name":"defineProperties","decl":{"start":{"line":1,"column":116},"end":{"line":1,"column":132}},"loc":{"start":{"line":1,"column":148},"end":{"line":1,"column":415}},"line":1},"2":{"name":"(anonymous_2)","decl":{"start":{"line":1,"column":422},"end":{"line":1,"column":423}},"loc":{"start":{"line":1,"column":470},"end":{"line":1,"column":619}},"line":1},"3":{"name":"_interopRequireDefault","decl":{"start":{"line":6,"column":59},"end":{"line":6,"column":81}},"loc":{"start":{"line":6,"column":87},"end":{"line":6,"column":143}},"line":6},"4":{"name":"_classCallCheck","decl":{"start":{"line":6,"column":152},"end":{"line":6,"column":167}},"loc":{"start":{"line":6,"column":191},"end":{"line":6,"column":292}},"line":6},"5":{"name":"_possibleConstructorReturn","decl":{"start":{"line":6,"column":301},"end":{"line":6,"column":327}},"loc":{"start":{"line":6,"column":340},"end":{"line":6,"column":527}},"line":6},"6":{"name":"_inherits","decl":{"start":{"line":6,"column":536},"end":{"line":6,"column":545}},"loc":{"start":{"line":6,"column":568},"end":{"line":6,"column":1015}},"line":6},"7":{"name":"(anonymous_7)","decl":{"start":{"line":11,"column":7},"end":{"line":11,"column":8}},"loc":{"start":{"line":11,"column":29},"end":{"line":19,"column":27}},"line":11},"8":{"name":"Home","decl":{"start":{"line":11,"column":67},"end":{"line":11,"column":71}},"loc":{"start":{"line":11,"column":74},"end":{"line":11,"column":216}},"line":11},"9":{"name":"render","decl":{"start":{"line":11,"column":269},"end":{"line":11,"column":275}},"loc":{"start":{"line":12,"column":8},"end":{"line":19,"column":9}},"line":12}},"branchMap":{"0":{"loc":{"start":{"line":1,"column":239},"end":{"line":1,"column":269}},"type":"binary-expr","locations":[{"start":{"line":1,"column":239},"end":{"line":1,"column":260}},{"start":{"line":1,"column":264},"end":{"line":1,"column":269}}],"line":1},"1":{"loc":{"start":{"line":1,"column":301},"end":{"line":1,"column":355}},"type":"if","locations":[{"start":{"line":1,"column":301},"end":{"line":1,"column":355}},{"start":{"line":1,"column":301},"end":{"line":1,"column":355}}],"line":1},"2":{"loc":{"start":{"line":1,"column":471},"end":{"line":1,"column":539}},"type":"if","locations":[{"start":{"line":1,"column":471},"end":{"line":1,"column":539}},{"start":{"line":1,"column":471},"end":{"line":1,"column":539}}],"line":1},"3":{"loc":{"start":{"line":1,"column":539},"end":{"line":1,"column":599}},"type":"if","locations":[{"start":{"line":1,"column":539},"end":{"line":1,"column":599}},{"start":{"line":1,"column":539},"end":{"line":1,"column":599}}],"line":1},"4":{"loc":{"start":{"line":6,"column":95},"end":{"line":6,"column":141}},"type":"cond-expr","locations":[{"start":{"line":6,"column":119},"end":{"line":6,"column":122}},{"start":{"line":6,"column":125},"end":{"line":6,"column":141}}],"line":6},"5":{"loc":{"start":{"line":6,"column":95},"end":{"line":6,"column":116}},"type":"binary-expr","locations":[{"start":{"line":6,"column":95},"end":{"line":6,"column":98}},{"start":{"line":6,"column":102},"end":{"line":6,"column":116}}],"line":6},"6":{"loc":{"start":{"line":6,"column":192},"end":{"line":6,"column":291}},"type":"if","locations":[{"start":{"line":6,"column":192},"end":{"line":6,"column":291}},{"start":{"line":6,"column":192},"end":{"line":6,"column":291}}],"line":6},"7":{"loc":{"start":{"line":6,"column":341},"end":{"line":6,"column":440}},"type":"if","locations":[{"start":{"line":6,"column":341},"end":{"line":6,"column":440}},{"start":{"line":6,"column":341},"end":{"line":6,"column":440}}],"line":6},"8":{"loc":{"start":{"line":6,"column":447},"end":{"line":6,"column":525}},"type":"cond-expr","locations":[{"start":{"line":6,"column":514},"end":{"line":6,"column":518}},{"start":{"line":6,"column":521},"end":{"line":6,"column":525}}],"line":6},"9":{"loc":{"start":{"line":6,"column":447},"end":{"line":6,"column":511}},"type":"binary-expr","locations":[{"start":{"line":6,"column":447},"end":{"line":6,"column":451}},{"start":{"line":6,"column":456},"end":{"line":6,"column":480}},{"start":{"line":6,"column":484},"end":{"line":6,"column":510}}],"line":6},"10":{"loc":{"start":{"line":6,"column":569},"end":{"line":6,"column":732}},"type":"if","locations":[{"start":{"line":6,"column":569},"end":{"line":6,"column":732}},{"start":{"line":6,"column":569},"end":{"line":6,"column":732}}],"line":6},"11":{"loc":{"start":{"line":6,"column":573},"end":{"line":6,"column":628}},"type":"binary-expr","locations":[{"start":{"line":6,"column":573},"end":{"line":6,"column":605}},{"start":{"line":6,"column":609},"end":{"line":6,"column":628}}],"line":6},"12":{"loc":{"start":{"line":6,"column":767},"end":{"line":6,"column":801}},"type":"binary-expr","locations":[{"start":{"line":6,"column":767},"end":{"line":6,"column":777}},{"start":{"line":6,"column":781},"end":{"line":6,"column":801}}],"line":6},"13":{"loc":{"start":{"line":6,"column":896},"end":{"line":6,"column":1014}},"type":"if","locations":[{"start":{"line":6,"column":896},"end":{"line":6,"column":1014}},{"start":{"line":6,"column":896},"end":{"line":6,"column":1014}}],"line":6},"14":{"loc":{"start":{"line":6,"column":912},"end":{"line":6,"column":1013}},"type":"cond-expr","locations":[{"start":{"line":6,"column":936},"end":{"line":6,"column":979}},{"start":{"line":6,"column":982},"end":{"line":6,"column":1013}}],"line":6},"15":{"loc":{"start":{"line":11,"column":144},"end":{"line":11,"column":189}},"type":"binary-expr","locations":[{"start":{"line":11,"column":144},"end":{"line":11,"column":158}},{"start":{"line":11,"column":162},"end":{"line":11,"column":189}}],"line":11}},"s":{"0":0,"1":0,"2":0,"3":0,"4":0,"5":0,"6":0,"7":0,"8":0,"9":0,"10":0,"11":0,"12":0,"13":0,"14":0,"15":0,"16":0,"17":0,"18":0,"19":0,"20":0,"21":0,"22":0,"23":0,"24":0,"25":0,"26":0,"27":0,"28":0,"29":0,"30":0,"31":0,"32":0,"33":0,"34":0,"35":0,"36":0},"f":{"0":0,"1":0,"2":0,"3":0,"4":0,"5":0,"6":0,"7":0,"8":0,"9":0},"b":{"0":[0,0],"1":[0,0],"2":[0,0],"3":[0,0],"4":[0,0],"5":[0,0],"6":[0,0],"7":[0,0],"8":[0,0],"9":[0,0,0],"10":[0,0],"11":[0,0],"12":[0,0],"13":[0,0],"14":[0,0],"15":[0,0]}}
,"/Users/chen/Documents/workspace/react-iso/src/List.js": {"path":"/Users/chen/Documents/workspace/react-iso/src/List.js","statementMap":{"0":{"start":{"line":1,"column":13},"end":{"line":1,"column":75}},"1":{"start":{"line":1,"column":94},"end":{"line":1,"column":623}},"2":{"start":{"line":1,"column":149},"end":{"line":1,"column":414}},"3":{"start":{"line":1,"column":206},"end":{"line":1,"column":214}},"4":{"start":{"line":1,"column":215},"end":{"line":1,"column":270}},"5":{"start":{"line":1,"column":270},"end":{"line":1,"column":301}},"6":{"start":{"line":1,"column":301},"end":{"line":1,"column":355}},"7":{"start":{"line":1,"column":328},"end":{"line":1,"column":355}},"8":{"start":{"line":1,"column":355},"end":{"line":1,"column":413}},"9":{"start":{"line":1,"column":415},"end":{"line":1,"column":620}},"10":{"start":{"line":1,"column":471},"end":{"line":1,"column":539}},"11":{"start":{"line":1,"column":487},"end":{"line":1,"column":539}},"12":{"start":{"line":1,"column":539},"end":{"line":1,"column":599}},"13":{"start":{"line":1,"column":556},"end":{"line":1,"column":599}},"14":{"start":{"line":1,"column":599},"end":{"line":1,"column":618}},"15":{"start":{"line":5,"column":13},"end":{"line":5,"column":29}},"16":{"start":{"line":5,"column":44},"end":{"line":5,"column":74}},"17":{"start":{"line":6,"column":22},"end":{"line":6,"column":49}},"18":{"start":{"line":6,"column":88},"end":{"line":6,"column":142}},"19":{"start":{"line":6,"column":192},"end":{"line":6,"column":291}},"20":{"start":{"line":6,"column":233},"end":{"line":6,"column":290}},"21":{"start":{"line":6,"column":341},"end":{"line":6,"column":440}},"22":{"start":{"line":6,"column":353},"end":{"line":6,"column":439}},"23":{"start":{"line":6,"column":440},"end":{"line":6,"column":526}},"24":{"start":{"line":6,"column":569},"end":{"line":6,"column":732}},"25":{"start":{"line":6,"column":631},"end":{"line":6,"column":731}},"26":{"start":{"line":6,"column":732},"end":{"line":6,"column":896}},"27":{"start":{"line":6,"column":896},"end":{"line":6,"column":1014}},"28":{"start":{"line":6,"column":912},"end":{"line":6,"column":1014}},"29":{"start":{"line":11,"column":7},"end":{"line":19,"column":45}},"30":{"start":{"line":11,"column":30},"end":{"line":11,"column":58}},"31":{"start":{"line":11,"column":75},"end":{"line":11,"column":103}},"32":{"start":{"line":11,"column":103},"end":{"line":11,"column":215}},"33":{"start":{"line":11,"column":216},"end":{"line":19,"column":14}},"34":{"start":{"line":13,"column":12},"end":{"line":16,"column":129}},"35":{"start":{"line":19,"column":14},"end":{"line":19,"column":26}},"36":{"start":{"line":19,"column":46},"end":{"line":19,"column":69}}},"fnMap":{"0":{"name":"(anonymous_0)","decl":{"start":{"line":1,"column":94},"end":{"line":1,"column":95}},"loc":{"start":{"line":1,"column":106},"end":{"line":1,"column":621}},"line":1},"1":{"name":"defineProperties","decl":{"start":{"line":1,"column":116},"end":{"line":1,"column":132}},"loc":{"start":{"line":1,"column":148},"end":{"line":1,"column":415}},"line":1},"2":{"name":"(anonymous_2)","decl":{"start":{"line":1,"column":422},"end":{"line":1,"column":423}},"loc":{"start":{"line":1,"column":470},"end":{"line":1,"column":619}},"line":1},"3":{"name":"_interopRequireDefault","decl":{"start":{"line":6,"column":59},"end":{"line":6,"column":81}},"loc":{"start":{"line":6,"column":87},"end":{"line":6,"column":143}},"line":6},"4":{"name":"_classCallCheck","decl":{"start":{"line":6,"column":152},"end":{"line":6,"column":167}},"loc":{"start":{"line":6,"column":191},"end":{"line":6,"column":292}},"line":6},"5":{"name":"_possibleConstructorReturn","decl":{"start":{"line":6,"column":301},"end":{"line":6,"column":327}},"loc":{"start":{"line":6,"column":340},"end":{"line":6,"column":527}},"line":6},"6":{"name":"_inherits","decl":{"start":{"line":6,"column":536},"end":{"line":6,"column":545}},"loc":{"start":{"line":6,"column":568},"end":{"line":6,"column":1015}},"line":6},"7":{"name":"(anonymous_7)","decl":{"start":{"line":11,"column":7},"end":{"line":11,"column":8}},"loc":{"start":{"line":11,"column":29},"end":{"line":19,"column":27}},"line":11},"8":{"name":"List","decl":{"start":{"line":11,"column":67},"end":{"line":11,"column":71}},"loc":{"start":{"line":11,"column":74},"end":{"line":11,"column":216}},"line":11},"9":{"name":"render","decl":{"start":{"line":11,"column":269},"end":{"line":11,"column":275}},"loc":{"start":{"line":12,"column":8},"end":{"line":19,"column":9}},"line":12}},"branchMap":{"0":{"loc":{"start":{"line":1,"column":239},"end":{"line":1,"column":269}},"type":"binary-expr","locations":[{"start":{"line":1,"column":239},"end":{"line":1,"column":260}},{"start":{"line":1,"column":264},"end":{"line":1,"column":269}}],"line":1},"1":{"loc":{"start":{"line":1,"column":301},"end":{"line":1,"column":355}},"type":"if","locations":[{"start":{"line":1,"column":301},"end":{"line":1,"column":355}},{"start":{"line":1,"column":301},"end":{"line":1,"column":355}}],"line":1},"2":{"loc":{"start":{"line":1,"column":471},"end":{"line":1,"column":539}},"type":"if","locations":[{"start":{"line":1,"column":471},"end":{"line":1,"column":539}},{"start":{"line":1,"column":471},"end":{"line":1,"column":539}}],"line":1},"3":{"loc":{"start":{"line":1,"column":539},"end":{"line":1,"column":599}},"type":"if","locations":[{"start":{"line":1,"column":539},"end":{"line":1,"column":599}},{"start":{"line":1,"column":539},"end":{"line":1,"column":599}}],"line":1},"4":{"loc":{"start":{"line":6,"column":95},"end":{"line":6,"column":141}},"type":"cond-expr","locations":[{"start":{"line":6,"column":119},"end":{"line":6,"column":122}},{"start":{"line":6,"column":125},"end":{"line":6,"column":141}}],"line":6},"5":{"loc":{"start":{"line":6,"column":95},"end":{"line":6,"column":116}},"type":"binary-expr","locations":[{"start":{"line":6,"column":95},"end":{"line":6,"column":98}},{"start":{"line":6,"column":102},"end":{"line":6,"column":116}}],"line":6},"6":{"loc":{"start":{"line":6,"column":192},"end":{"line":6,"column":291}},"type":"if","locations":[{"start":{"line":6,"column":192},"end":{"line":6,"column":291}},{"start":{"line":6,"column":192},"end":{"line":6,"column":291}}],"line":6},"7":{"loc":{"start":{"line":6,"column":341},"end":{"line":6,"column":440}},"type":"if","locations":[{"start":{"line":6,"column":341},"end":{"line":6,"column":440}},{"start":{"line":6,"column":341},"end":{"line":6,"column":440}}],"line":6},"8":{"loc":{"start":{"line":6,"column":447},"end":{"line":6,"column":525}},"type":"cond-expr","locations":[{"start":{"line":6,"column":514},"end":{"line":6,"column":518}},{"start":{"line":6,"column":521},"end":{"line":6,"column":525}}],"line":6},"9":{"loc":{"start":{"line":6,"column":447},"end":{"line":6,"column":511}},"type":"binary-expr","locations":[{"start":{"line":6,"column":447},"end":{"line":6,"column":451}},{"start":{"line":6,"column":456},"end":{"line":6,"column":480}},{"start":{"line":6,"column":484},"end":{"line":6,"column":510}}],"line":6},"10":{"loc":{"start":{"line":6,"column":569},"end":{"line":6,"column":732}},"type":"if","locations":[{"start":{"line":6,"column":569},"end":{"line":6,"column":732}},{"start":{"line":6,"column":569},"end":{"line":6,"column":732}}],"line":6},"11":{"loc":{"start":{"line":6,"column":573},"end":{"line":6,"column":628}},"type":"binary-expr","locations":[{"start":{"line":6,"column":573},"end":{"line":6,"column":605}},{"start":{"line":6,"column":609},"end":{"line":6,"column":628}}],"line":6},"12":{"loc":{"start":{"line":6,"column":767},"end":{"line":6,"column":801}},"type":"binary-expr","locations":[{"start":{"line":6,"column":767},"end":{"line":6,"column":777}},{"start":{"line":6,"column":781},"end":{"line":6,"column":801}}],"line":6},"13":{"loc":{"start":{"line":6,"column":896},"end":{"line":6,"column":1014}},"type":"if","locations":[{"start":{"line":6,"column":896},"end":{"line":6,"column":1014}},{"start":{"line":6,"column":896},"end":{"line":6,"column":1014}}],"line":6},"14":{"loc":{"start":{"line":6,"column":912},"end":{"line":6,"column":1013}},"type":"cond-expr","locations":[{"start":{"line":6,"column":936},"end":{"line":6,"column":979}},{"start":{"line":6,"column":982},"end":{"line":6,"column":1013}}],"line":6},"15":{"loc":{"start":{"line":11,"column":144},"end":{"line":11,"column":189}},"type":"binary-expr","locations":[{"start":{"line":11,"column":144},"end":{"line":11,"column":158}},{"start":{"line":11,"column":162},"end":{"line":11,"column":189}}],"line":11}},"s":{"0":0,"1":0,"2":0,"3":0,"4":0,"5":0,"6":0,"7":0,"8":0,"9":0,"10":0,"11":0,"12":0,"13":0,"14":0,"15":0,"16":0,"17":0,"18":0,"19":0,"20":0,"21":0,"22":0,"23":0,"24":0,"25":0,"26":0,"27":0,"28":0,"29":0,"30":0,"31":0,"32":0,"33":0,"34":0,"35":0,"36":0},"f":{"0":0,"1":0,"2":0,"3":0,"4":0,"5":0,"6":0,"7":0,"8":0,"9":0},"b":{"0":[0,0],"1":[0,0],"2":[0,0],"3":[0,0],"4":[0,0],"5":[0,0],"6":[0,0],"7":[0,0],"8":[0,0],"9":[0,0,0],"10":[0,0],"11":[0,0],"12":[0,0],"13":[0,0],"14":[0,0],"15":[0,0]}}
,"/Users/chen/Documents/workspace/react-iso/src/index.client.js": {"path":"/Users/chen/Documents/workspace/react-iso/src/index.client.js","statementMap":{"0":{"start":{"line":5,"column":22},"end":{"line":5,"column":49}},"1":{"start":{"line":8,"column":13},"end":{"line":8,"column":29}},"2":{"start":{"line":8,"column":44},"end":{"line":8,"column":74}},"3":{"start":{"line":9,"column":16},"end":{"line":9,"column":36}},"4":{"start":{"line":9,"column":54},"end":{"line":9,"column":87}},"5":{"start":{"line":10,"column":11},"end":{"line":10,"column":27}},"6":{"start":{"line":10,"column":40},"end":{"line":10,"column":68}},"7":{"start":{"line":10,"column":107},"end":{"line":10,"column":161}},"8":{"start":{"line":13,"column":166},"end":{"line":15,"column":32}}},"fnMap":{"0":{"name":"_interopRequireDefault","decl":{"start":{"line":10,"column":78},"end":{"line":10,"column":100}},"loc":{"start":{"line":10,"column":106},"end":{"line":10,"column":162}},"line":10}},"branchMap":{"0":{"loc":{"start":{"line":10,"column":114},"end":{"line":10,"column":160}},"type":"cond-expr","locations":[{"start":{"line":10,"column":138},"end":{"line":10,"column":141}},{"start":{"line":10,"column":144},"end":{"line":10,"column":160}}],"line":10},"1":{"loc":{"start":{"line":10,"column":114},"end":{"line":10,"column":135}},"type":"binary-expr","locations":[{"start":{"line":10,"column":114},"end":{"line":10,"column":117}},{"start":{"line":10,"column":121},"end":{"line":10,"column":135}}],"line":10}},"s":{"0":0,"1":0,"2":0,"3":0,"4":0,"5":0,"6":0,"7":0,"8":0},"f":{"0":0},"b":{"0":[0,0],"1":[0,0]}}
,"/Users/chen/Documents/workspace/react-iso/src/index.server.js": {"path":"/Users/chen/Documents/workspace/react-iso/src/index.server.js","statementMap":{"0":{"start":{"line":5,"column":22},"end":{"line":5,"column":49}},"1":{"start":{"line":9,"column":13},"end":{"line":9,"column":29}},"2":{"start":{"line":9,"column":44},"end":{"line":9,"column":74}},"3":{"start":{"line":10,"column":14},"end":{"line":10,"column":41}},"4":{"start":{"line":10,"column":57},"end":{"line":10,"column":88}},"5":{"start":{"line":11,"column":11},"end":{"line":11,"column":27}},"6":{"start":{"line":11,"column":40},"end":{"line":11,"column":68}},"7":{"start":{"line":11,"column":107},"end":{"line":11,"column":161}},"8":{"start":{"line":14,"column":166},"end":{"line":18,"column":2}},"9":{"start":{"line":14,"column":210},"end":{"line":15,"column":61}}},"fnMap":{"0":{"name":"_interopRequireDefault","decl":{"start":{"line":11,"column":78},"end":{"line":11,"column":100}},"loc":{"start":{"line":11,"column":106},"end":{"line":11,"column":162}},"line":11},"1":{"name":"(anonymous_1)","decl":{"start":{"line":14,"column":185},"end":{"line":14,"column":186}},"loc":{"start":{"line":14,"column":209},"end":{"line":18,"column":1}},"line":14}},"branchMap":{"0":{"loc":{"start":{"line":11,"column":114},"end":{"line":11,"column":160}},"type":"cond-expr","locations":[{"start":{"line":11,"column":138},"end":{"line":11,"column":141}},{"start":{"line":11,"column":144},"end":{"line":11,"column":160}}],"line":11},"1":{"loc":{"start":{"line":11,"column":114},"end":{"line":11,"column":135}},"type":"binary-expr","locations":[{"start":{"line":11,"column":114},"end":{"line":11,"column":117}},{"start":{"line":11,"column":121},"end":{"line":11,"column":135}}],"line":11}},"s":{"0":0,"1":0,"2":0,"3":0,"4":0,"5":0,"6":0,"7":0,"8":0,"9":0},"f":{"0":0,"1":0},"b":{"0":[0,0],"1":[0,0]}}
,"/Users/chen/Documents/workspace/react-iso/src/common/AsyncComponent.js": {"path":"/Users/chen/Documents/workspace/react-iso/src/common/AsyncComponent.js","statementMap":{"0":{"start":{"line":1,"column":13},"end":{"line":1,"column":75}},"1":{"start":{"line":1,"column":94},"end":{"line":1,"column":623}},"2":{"start":{"line":1,"column":149},"end":{"line":1,"column":414}},"3":{"start":{"line":1,"column":206},"end":{"line":1,"column":214}},"4":{"start":{"line":1,"column":215},"end":{"line":1,"column":270}},"5":{"start":{"line":1,"column":270},"end":{"line":1,"column":301}},"6":{"start":{"line":1,"column":301},"end":{"line":1,"column":355}},"7":{"start":{"line":1,"column":328},"end":{"line":1,"column":355}},"8":{"start":{"line":1,"column":355},"end":{"line":1,"column":413}},"9":{"start":{"line":1,"column":415},"end":{"line":1,"column":620}},"10":{"start":{"line":1,"column":471},"end":{"line":1,"column":539}},"11":{"start":{"line":1,"column":487},"end":{"line":1,"column":539}},"12":{"start":{"line":1,"column":539},"end":{"line":1,"column":599}},"13":{"start":{"line":1,"column":556},"end":{"line":1,"column":599}},"14":{"start":{"line":1,"column":599},"end":{"line":1,"column":618}},"15":{"start":{"line":1,"column":624},"end":{"line":47,"column":2}},"16":{"start":{"line":42,"column":4},"end":{"line":44,"column":87}},"17":{"start":{"line":42,"column":29},"end":{"line":44,"column":85}},"18":{"start":{"line":44,"column":32},"end":{"line":44,"column":81}},"19":{"start":{"line":47,"column":15},"end":{"line":47,"column":31}},"20":{"start":{"line":47,"column":46},"end":{"line":47,"column":76}},"21":{"start":{"line":47,"column":115},"end":{"line":47,"column":169}},"22":{"start":{"line":47,"column":219},"end":{"line":47,"column":318}},"23":{"start":{"line":47,"column":260},"end":{"line":47,"column":317}},"24":{"start":{"line":47,"column":368},"end":{"line":47,"column":467}},"25":{"start":{"line":47,"column":380},"end":{"line":47,"column":466}},"26":{"start":{"line":47,"column":467},"end":{"line":47,"column":553}},"27":{"start":{"line":47,"column":596},"end":{"line":47,"column":759}},"28":{"start":{"line":47,"column":658},"end":{"line":47,"column":758}},"29":{"start":{"line":47,"column":759},"end":{"line":47,"column":923}},"30":{"start":{"line":47,"column":923},"end":{"line":47,"column":1041}},"31":{"start":{"line":47,"column":939},"end":{"line":47,"column":1041}},"32":{"start":{"line":50,"column":1067},"end":{"line":51,"column":225}},"33":{"start":{"line":50,"column":1090},"end":{"line":50,"column":1128}},"34":{"start":{"line":50,"column":1155},"end":{"line":50,"column":1193}},"35":{"start":{"line":50,"column":1205},"end":{"line":50,"column":1317}},"36":{"start":{"line":50,"column":1318},"end":{"line":50,"column":1346}},"37":{"start":{"line":50,"column":1346},"end":{"line":50,"column":1359}},"38":{"start":{"line":50,"column":1360},"end":{"line":51,"column":184}},"39":{"start":{"line":50,"column":1457},"end":{"line":50,"column":1479}},"40":{"start":{"line":50,"column":1574},"end":{"line":50,"column":1637}},"41":{"start":{"line":50,"column":1615},"end":{"line":50,"column":1636}},"42":{"start":{"line":50,"column":1699},"end":{"line":50,"column":1703}},"43":{"start":{"line":50,"column":1704},"end":{"line":50,"column":1733}},"44":{"start":{"line":50,"column":1733},"end":{"line":51,"column":63}},"45":{"start":{"line":50,"column":1760},"end":{"line":51,"column":60}},"46":{"start":{"line":51,"column":111},"end":{"line":51,"column":178}},"47":{"start":{"line":51,"column":184},"end":{"line":51,"column":206}}},"fnMap":{"0":{"name":"(anonymous_0)","decl":{"start":{"line":1,"column":94},"end":{"line":1,"column":95}},"loc":{"start":{"line":1,"column":106},"end":{"line":1,"column":621}},"line":1},"1":{"name":"defineProperties","decl":{"start":{"line":1,"column":116},"end":{"line":1,"column":132}},"loc":{"start":{"line":1,"column":148},"end":{"line":1,"column":415}},"line":1},"2":{"name":"(anonymous_2)","decl":{"start":{"line":1,"column":422},"end":{"line":1,"column":423}},"loc":{"start":{"line":1,"column":470},"end":{"line":1,"column":619}},"line":1},"3":{"name":"(anonymous_3)","decl":{"start":{"line":41,"column":0},"end":{"line":41,"column":1}},"loc":{"start":{"line":41,"column":18},"end":{"line":47,"column":1}},"line":41},"4":{"name":"(anonymous_4)","decl":{"start":{"line":42,"column":11},"end":{"line":42,"column":12}},"loc":{"start":{"line":42,"column":28},"end":{"line":44,"column":86}},"line":42},"5":{"name":"(anonymous_5)","decl":{"start":{"line":44,"column":16},"end":{"line":44,"column":17}},"loc":{"start":{"line":44,"column":31},"end":{"line":44,"column":82}},"line":44},"6":{"name":"_interopRequireDefault","decl":{"start":{"line":47,"column":86},"end":{"line":47,"column":108}},"loc":{"start":{"line":47,"column":114},"end":{"line":47,"column":170}},"line":47},"7":{"name":"_classCallCheck","decl":{"start":{"line":47,"column":179},"end":{"line":47,"column":194}},"loc":{"start":{"line":47,"column":218},"end":{"line":47,"column":319}},"line":47},"8":{"name":"_possibleConstructorReturn","decl":{"start":{"line":47,"column":328},"end":{"line":47,"column":354}},"loc":{"start":{"line":47,"column":367},"end":{"line":47,"column":554}},"line":47},"9":{"name":"_inherits","decl":{"start":{"line":47,"column":563},"end":{"line":47,"column":572}},"loc":{"start":{"line":47,"column":595},"end":{"line":47,"column":1042}},"line":47},"10":{"name":"(anonymous_10)","decl":{"start":{"line":50,"column":1067},"end":{"line":50,"column":1068}},"loc":{"start":{"line":50,"column":1089},"end":{"line":51,"column":207}},"line":50},"11":{"name":"AsyncComponent","decl":{"start":{"line":50,"column":1137},"end":{"line":50,"column":1151}},"loc":{"start":{"line":50,"column":1154},"end":{"line":50,"column":1360}},"line":50},"12":{"name":"componentWillMount","decl":{"start":{"line":50,"column":1435},"end":{"line":50,"column":1453}},"loc":{"start":{"line":50,"column":1456},"end":{"line":50,"column":1480}},"line":50},"13":{"name":"componentWillReceiveProps","decl":{"start":{"line":50,"column":1536},"end":{"line":50,"column":1561}},"loc":{"start":{"line":50,"column":1573},"end":{"line":50,"column":1638}},"line":50},"14":{"name":"load","decl":{"start":{"line":50,"column":1673},"end":{"line":50,"column":1677}},"loc":{"start":{"line":50,"column":1685},"end":{"line":51,"column":64}},"line":50},"15":{"name":"(anonymous_15)","decl":{"start":{"line":50,"column":1744},"end":{"line":50,"column":1745}},"loc":{"start":{"line":50,"column":1759},"end":{"line":51,"column":61}},"line":50},"16":{"name":"render","decl":{"start":{"line":51,"column":101},"end":{"line":51,"column":107}},"loc":{"start":{"line":51,"column":110},"end":{"line":51,"column":179}},"line":51}},"branchMap":{"0":{"loc":{"start":{"line":1,"column":239},"end":{"line":1,"column":269}},"type":"binary-expr","locations":[{"start":{"line":1,"column":239},"end":{"line":1,"column":260}},{"start":{"line":1,"column":264},"end":{"line":1,"column":269}}],"line":1},"1":{"loc":{"start":{"line":1,"column":301},"end":{"line":1,"column":355}},"type":"if","locations":[{"start":{"line":1,"column":301},"end":{"line":1,"column":355}},{"start":{"line":1,"column":301},"end":{"line":1,"column":355}}],"line":1},"2":{"loc":{"start":{"line":1,"column":471},"end":{"line":1,"column":539}},"type":"if","locations":[{"start":{"line":1,"column":471},"end":{"line":1,"column":539}},{"start":{"line":1,"column":471},"end":{"line":1,"column":539}}],"line":1},"3":{"loc":{"start":{"line":1,"column":539},"end":{"line":1,"column":599}},"type":"if","locations":[{"start":{"line":1,"column":539},"end":{"line":1,"column":599}},{"start":{"line":1,"column":539},"end":{"line":1,"column":599}}],"line":1},"4":{"loc":{"start":{"line":47,"column":122},"end":{"line":47,"column":168}},"type":"cond-expr","locations":[{"start":{"line":47,"column":146},"end":{"line":47,"column":149}},{"start":{"line":47,"column":152},"end":{"line":47,"column":168}}],"line":47},"5":{"loc":{"start":{"line":47,"column":122},"end":{"line":47,"column":143}},"type":"binary-expr","locations":[{"start":{"line":47,"column":122},"end":{"line":47,"column":125}},{"start":{"line":47,"column":129},"end":{"line":47,"column":143}}],"line":47},"6":{"loc":{"start":{"line":47,"column":219},"end":{"line":47,"column":318}},"type":"if","locations":[{"start":{"line":47,"column":219},"end":{"line":47,"column":318}},{"start":{"line":47,"column":219},"end":{"line":47,"column":318}}],"line":47},"7":{"loc":{"start":{"line":47,"column":368},"end":{"line":47,"column":467}},"type":"if","locations":[{"start":{"line":47,"column":368},"end":{"line":47,"column":467}},{"start":{"line":47,"column":368},"end":{"line":47,"column":467}}],"line":47},"8":{"loc":{"start":{"line":47,"column":474},"end":{"line":47,"column":552}},"type":"cond-expr","locations":[{"start":{"line":47,"column":541},"end":{"line":47,"column":545}},{"start":{"line":47,"column":548},"end":{"line":47,"column":552}}],"line":47},"9":{"loc":{"start":{"line":47,"column":474},"end":{"line":47,"column":538}},"type":"binary-expr","locations":[{"start":{"line":47,"column":474},"end":{"line":47,"column":478}},{"start":{"line":47,"column":483},"end":{"line":47,"column":507}},{"start":{"line":47,"column":511},"end":{"line":47,"column":537}}],"line":47},"10":{"loc":{"start":{"line":47,"column":596},"end":{"line":47,"column":759}},"type":"if","locations":[{"start":{"line":47,"column":596},"end":{"line":47,"column":759}},{"start":{"line":47,"column":596},"end":{"line":47,"column":759}}],"line":47},"11":{"loc":{"start":{"line":47,"column":600},"end":{"line":47,"column":655}},"type":"binary-expr","locations":[{"start":{"line":47,"column":600},"end":{"line":47,"column":632}},{"start":{"line":47,"column":636},"end":{"line":47,"column":655}}],"line":47},"12":{"loc":{"start":{"line":47,"column":794},"end":{"line":47,"column":828}},"type":"binary-expr","locations":[{"start":{"line":47,"column":794},"end":{"line":47,"column":804}},{"start":{"line":47,"column":808},"end":{"line":47,"column":828}}],"line":47},"13":{"loc":{"start":{"line":47,"column":923},"end":{"line":47,"column":1041}},"type":"if","locations":[{"start":{"line":47,"column":923},"end":{"line":47,"column":1041}},{"start":{"line":47,"column":923},"end":{"line":47,"column":1041}}],"line":47},"14":{"loc":{"start":{"line":47,"column":939},"end":{"line":47,"column":1040}},"type":"cond-expr","locations":[{"start":{"line":47,"column":963},"end":{"line":47,"column":1006}},{"start":{"line":47,"column":1009},"end":{"line":47,"column":1040}}],"line":47},"15":{"loc":{"start":{"line":50,"column":1239},"end":{"line":50,"column":1304}},"type":"binary-expr","locations":[{"start":{"line":50,"column":1239},"end":{"line":50,"column":1263}},{"start":{"line":50,"column":1267},"end":{"line":50,"column":1304}}],"line":50},"16":{"loc":{"start":{"line":50,"column":1574},"end":{"line":50,"column":1637}},"type":"if","locations":[{"start":{"line":50,"column":1574},"end":{"line":50,"column":1637}},{"start":{"line":50,"column":1574},"end":{"line":50,"column":1637}}],"line":50},"17":{"loc":{"start":{"line":51,"column":25},"end":{"line":51,"column":56}},"type":"cond-expr","locations":[{"start":{"line":51,"column":39},"end":{"line":51,"column":50}},{"start":{"line":51,"column":53},"end":{"line":51,"column":56}}],"line":51},"18":{"loc":{"start":{"line":51,"column":118},"end":{"line":51,"column":177}},"type":"cond-expr","locations":[{"start":{"line":51,"column":135},"end":{"line":51,"column":170}},{"start":{"line":51,"column":173},"end":{"line":51,"column":177}}],"line":51}},"s":{"0":0,"1":0,"2":0,"3":0,"4":0,"5":0,"6":0,"7":0,"8":0,"9":0,"10":0,"11":0,"12":0,"13":0,"14":0,"15":0,"16":0,"17":0,"18":0,"19":0,"20":0,"21":0,"22":0,"23":0,"24":0,"25":0,"26":0,"27":0,"28":0,"29":0,"30":0,"31":0,"32":0,"33":0,"34":0,"35":0,"36":0,"37":0,"38":0,"39":0,"40":0,"41":0,"42":0,"43":0,"44":0,"45":0,"46":0,"47":0},"f":{"0":0,"1":0,"2":0,"3":0,"4":0,"5":0,"6":0,"7":0,"8":0,"9":0,"10":0,"11":0,"12":0,"13":0,"14":0,"15":0,"16":0},"b":{"0":[0,0],"1":[0,0],"2":[0,0],"3":[0,0],"4":[0,0],"5":[0,0],"6":[0,0],"7":[0,0],"8":[0,0],"9":[0,0,0],"10":[0,0],"11":[0,0],"12":[0,0],"13":[0,0],"14":[0,0],"15":[0,0],"16":[0,0],"17":[0,0],"18":[0,0]}}
}
