TN:
SF:/Users/chen/Documents/workspace/react-iso/src/App.js
FN:1,(anonymous_0)
FN:1,defineProperties
FN:1,(anonymous_2)
FN:18,_interopRequireDefault
FN:18,_classCallCheck
FN:18,_possibleConstructorReturn
FN:18,_inherits
FN:24,(anonymous_7)
FN:24,render
FN:29,App
FN:31,componentDidMount
FNF:11
FNH:0
FNDA:0,(anonymous_0)
FNDA:0,defineProperties
FNDA:0,(anonymous_2)
FNDA:0,_interopRequireDefault
FNDA:0,_classCallCheck
FNDA:0,_possibleConstructorReturn
FNDA:0,_inherits
FNDA:0,(anonymous_7)
FNDA:0,render
FNDA:0,App
FNDA:0,componentDidMount
DA:1,0
DA:5,0
DA:9,0
DA:13,0
DA:14,0
DA:15,0
DA:18,0
DA:24,0
DA:29,0
DA:31,0
DA:34,0
LF:11
LH:0
BRDA:1,0,0,0
BRDA:1,0,1,0
BRDA:1,1,0,0
BRDA:1,1,1,0
BRDA:1,2,0,0
BRDA:1,2,1,0
BRDA:1,3,0,0
BRDA:1,3,1,0
BRDA:18,4,0,0
BRDA:18,4,1,0
BRDA:18,5,0,0
BRDA:18,5,1,0
BRDA:18,6,0,0
BRDA:18,6,1,0
BRDA:18,7,0,0
BRDA:18,7,1,0
BRDA:18,8,0,0
BRDA:18,8,1,0
BRDA:18,9,0,0
BRDA:18,9,1,0
BRDA:18,9,2,0
BRDA:18,10,0,0
BRDA:18,10,1,0
BRDA:18,11,0,0
BRDA:18,11,1,0
BRDA:18,12,0,0
BRDA:18,12,1,0
BRDA:18,13,0,0
BRDA:18,13,1,0
BRDA:18,14,0,0
BRDA:18,14,1,0
BRDA:29,15,0,0
BRDA:29,15,1,0
BRF:33
BRH:0
end_of_record
TN:
SF:/Users/chen/Documents/workspace/react-iso/src/Detail.js
FN:1,(anonymous_0)
FN:1,defineProperties
FN:1,(anonymous_2)
FN:5,_interopRequireDefault
FN:5,_classCallCheck
FN:5,_possibleConstructorReturn
FN:5,_inherits
FN:8,(anonymous_7)
FN:8,Detail
FN:8,render
FNF:10
FNH:0
FNDA:0,(anonymous_0)
FNDA:0,defineProperties
FNDA:0,(anonymous_2)
FNDA:0,_interopRequireDefault
FNDA:0,_classCallCheck
FNDA:0,_possibleConstructorReturn
FNDA:0,_inherits
FNDA:0,(anonymous_7)
FNDA:0,Detail
FNDA:0,render
DA:1,0
DA:5,0
DA:8,0
DA:9,0
DA:15,0
LF:5
LH:0
BRDA:1,0,0,0
BRDA:1,0,1,0
BRDA:1,1,0,0
BRDA:1,1,1,0
BRDA:1,2,0,0
BRDA:1,2,1,0
BRDA:1,3,0,0
BRDA:1,3,1,0
BRDA:5,4,0,0
BRDA:5,4,1,0
BRDA:5,5,0,0
BRDA:5,5,1,0
BRDA:5,6,0,0
BRDA:5,6,1,0
BRDA:5,7,0,0
BRDA:5,7,1,0
BRDA:5,8,0,0
BRDA:5,8,1,0
BRDA:5,9,0,0
BRDA:5,9,1,0
BRDA:5,9,2,0
BRDA:5,10,0,0
BRDA:5,10,1,0
BRDA:5,11,0,0
BRDA:5,11,1,0
BRDA:5,12,0,0
BRDA:5,12,1,0
BRDA:5,13,0,0
BRDA:5,13,1,0
BRDA:5,14,0,0
BRDA:5,14,1,0
BRDA:8,15,0,0
BRDA:8,15,1,0
BRF:33
BRH:0
end_of_record
TN:
SF:/Users/chen/Documents/workspace/react-iso/src/Home.js
FN:1,(anonymous_0)
FN:1,defineProperties
FN:1,(anonymous_2)
FN:6,_interopRequireDefault
FN:6,_classCallCheck
FN:6,_possibleConstructorReturn
FN:6,_inherits
FN:11,(anonymous_7)
FN:11,Home
FN:11,render
FNF:10
FNH:0
FNDA:0,(anonymous_0)
FNDA:0,defineProperties
FNDA:0,(anonymous_2)
FNDA:0,_interopRequireDefault
FNDA:0,_classCallCheck
FNDA:0,_possibleConstructorReturn
FNDA:0,_inherits
FNDA:0,(anonymous_7)
FNDA:0,Home
FNDA:0,render
DA:1,0
DA:5,0
DA:6,0
DA:11,0
DA:13,0
DA:19,0
LF:6
LH:0
BRDA:1,0,0,0
BRDA:1,0,1,0
BRDA:1,1,0,0
BRDA:1,1,1,0
BRDA:1,2,0,0
BRDA:1,2,1,0
BRDA:1,3,0,0
BRDA:1,3,1,0
BRDA:6,4,0,0
BRDA:6,4,1,0
BRDA:6,5,0,0
BRDA:6,5,1,0
BRDA:6,6,0,0
BRDA:6,6,1,0
BRDA:6,7,0,0
BRDA:6,7,1,0
BRDA:6,8,0,0
BRDA:6,8,1,0
BRDA:6,9,0,0
BRDA:6,9,1,0
BRDA:6,9,2,0
BRDA:6,10,0,0
BRDA:6,10,1,0
BRDA:6,11,0,0
BRDA:6,11,1,0
BRDA:6,12,0,0
BRDA:6,12,1,0
BRDA:6,13,0,0
BRDA:6,13,1,0
BRDA:6,14,0,0
BRDA:6,14,1,0
BRDA:11,15,0,0
BRDA:11,15,1,0
BRF:33
BRH:0
end_of_record
TN:
SF:/Users/chen/Documents/workspace/react-iso/src/List.js
FN:1,(anonymous_0)
FN:1,defineProperties
FN:1,(anonymous_2)
FN:6,_interopRequireDefault
FN:6,_classCallCheck
FN:6,_possibleConstructorReturn
FN:6,_inherits
FN:11,(anonymous_7)
FN:11,List
FN:11,render
FNF:10
FNH:0
FNDA:0,(anonymous_0)
FNDA:0,defineProperties
FNDA:0,(anonymous_2)
FNDA:0,_interopRequireDefault
FNDA:0,_classCallCheck
FNDA:0,_possibleConstructorReturn
FNDA:0,_inherits
FNDA:0,(anonymous_7)
FNDA:0,List
FNDA:0,render
DA:1,0
DA:5,0
DA:6,0
DA:11,0
DA:13,0
DA:19,0
LF:6
LH:0
BRDA:1,0,0,0
BRDA:1,0,1,0
BRDA:1,1,0,0
BRDA:1,1,1,0
BRDA:1,2,0,0
BRDA:1,2,1,0
BRDA:1,3,0,0
BRDA:1,3,1,0
BRDA:6,4,0,0
BRDA:6,4,1,0
BRDA:6,5,0,0
BRDA:6,5,1,0
BRDA:6,6,0,0
BRDA:6,6,1,0
BRDA:6,7,0,0
BRDA:6,7,1,0
BRDA:6,8,0,0
BRDA:6,8,1,0
BRDA:6,9,0,0
BRDA:6,9,1,0
BRDA:6,9,2,0
BRDA:6,10,0,0
BRDA:6,10,1,0
BRDA:6,11,0,0
BRDA:6,11,1,0
BRDA:6,12,0,0
BRDA:6,12,1,0
BRDA:6,13,0,0
BRDA:6,13,1,0
BRDA:6,14,0,0
BRDA:6,14,1,0
BRDA:11,15,0,0
BRDA:11,15,1,0
BRF:33
BRH:0
end_of_record
TN:
SF:/Users/chen/Documents/workspace/react-iso/src/index.client.js
FN:10,_interopRequireDefault
FNF:1
FNH:0
FNDA:0,_interopRequireDefault
DA:5,0
DA:8,0
DA:9,0
DA:10,0
DA:13,0
LF:5
LH:0
BRDA:10,0,0,0
BRDA:10,0,1,0
BRDA:10,1,0,0
BRDA:10,1,1,0
BRF:4
BRH:0
end_of_record
TN:
SF:/Users/chen/Documents/workspace/react-iso/src/index.server.js
FN:11,_interopRequireDefault
FN:14,(anonymous_1)
FNF:2
FNH:0
FNDA:0,_interopRequireDefault
FNDA:0,(anonymous_1)
DA:5,0
DA:9,0
DA:10,0
DA:11,0
DA:14,0
LF:5
LH:0
BRDA:11,0,0,0
BRDA:11,0,1,0
BRDA:11,1,0,0
BRDA:11,1,1,0
BRF:4
BRH:0
end_of_record
TN:
SF:/Users/chen/Documents/workspace/react-iso/src/common/AsyncComponent.js
FN:1,(anonymous_0)
FN:1,defineProperties
FN:1,(anonymous_2)
FN:41,(anonymous_3)
FN:42,(anonymous_4)
FN:44,(anonymous_5)
FN:47,_interopRequireDefault
FN:47,_classCallCheck
FN:47,_possibleConstructorReturn
FN:47,_inherits
FN:50,(anonymous_10)
FN:50,AsyncComponent
FN:50,componentWillMount
FN:50,componentWillReceiveProps
FN:50,load
FN:50,(anonymous_15)
FN:51,render
FNF:17
FNH:0
FNDA:0,(anonymous_0)
FNDA:0,defineProperties
FNDA:0,(anonymous_2)
FNDA:0,(anonymous_3)
FNDA:0,(anonymous_4)
FNDA:0,(anonymous_5)
FNDA:0,_interopRequireDefault
FNDA:0,_classCallCheck
FNDA:0,_possibleConstructorReturn
FNDA:0,_inherits
FNDA:0,(anonymous_10)
FNDA:0,AsyncComponent
FNDA:0,componentWillMount
FNDA:0,componentWillReceiveProps
FNDA:0,load
FNDA:0,(anonymous_15)
FNDA:0,render
DA:1,0
DA:42,0
DA:44,0
DA:47,0
DA:50,0
DA:51,0
LF:6
LH:0
BRDA:1,0,0,0
BRDA:1,0,1,0
BRDA:1,1,0,0
BRDA:1,1,1,0
BRDA:1,2,0,0
BRDA:1,2,1,0
BRDA:1,3,0,0
BRDA:1,3,1,0
BRDA:47,4,0,0
BRDA:47,4,1,0
BRDA:47,5,0,0
BRDA:47,5,1,0
BRDA:47,6,0,0
BRDA:47,6,1,0
BRDA:47,7,0,0
BRDA:47,7,1,0
BRDA:47,8,0,0
BRDA:47,8,1,0
BRDA:47,9,0,0
BRDA:47,9,1,0
BRDA:47,9,2,0
BRDA:47,10,0,0
BRDA:47,10,1,0
BRDA:47,11,0,0
BRDA:47,11,1,0
BRDA:47,12,0,0
BRDA:47,12,1,0
BRDA:47,13,0,0
BRDA:47,13,1,0
BRDA:47,14,0,0
BRDA:47,14,1,0
BRDA:50,15,0,0
BRDA:50,15,1,0
BRDA:50,16,0,0
BRDA:50,16,1,0
BRDA:51,17,0,0
BRDA:51,17,1,0
BRDA:51,18,0,0
BRDA:51,18,1,0
BRF:39
BRH:0
end_of_record
